<?xml version="1.0" encoding="UTF-8"?>
<robot generator="Robot 6.0.2 (Python 3.10.4 on win32)" generated="20230429 18:03:16.660" rpa="false" schemaversion="3">
<suite id="s1" name="testsDemo1" source="C:\Users\ferna\PycharmProjects\Robot_framework\tests\testsDemo1.robot">
<test id="s1-t1" name="Validate UnSuccesful Login" line="15">
<kw name="open the browser with the Mortage payment url">
<kw name="Create Webdriver" library="SeleniumLibrary">
<arg>Chrome</arg>
<arg>executable_path=/Users/ferna/Documents/chromedriver.exe</arg>
<doc>Creates an instance of Selenium WebDriver.</doc>
<msg timestamp="20230429 18:03:17.034" level="INFO">Creating an instance of the Chrome WebDriver.</msg>
<status status="PASS" starttime="20230429 18:03:17.034" endtime="20230429 18:03:18.825"/>
</kw>
<kw name="Go To" library="SeleniumLibrary">
<arg>https://rahulshettyacademy.com/loginpagePractise/</arg>
<doc>Navigates the current browser window to the provided ``url``.</doc>
<msg timestamp="20230429 18:03:18.825" level="INFO">Opening url 'https://rahulshettyacademy.com/loginpagePractise/'</msg>
<status status="PASS" starttime="20230429 18:03:18.825" endtime="20230429 18:03:20.120"/>
</kw>
<status status="PASS" starttime="20230429 18:03:17.034" endtime="20230429 18:03:20.120"/>
</kw>
<kw name="Fill the login form">
<kw name="Input Text" library="SeleniumLibrary">
<arg>id:username</arg>
<arg>rahulshettyacademy</arg>
<doc>Types the given ``text`` into the text field identified by ``locator``.</doc>
<msg timestamp="20230429 18:03:20.122" level="INFO">Typing text 'rahulshettyacademy' into text field 'id:username'.</msg>
<status status="PASS" starttime="20230429 18:03:20.122" endtime="20230429 18:03:20.256"/>
</kw>
<kw name="Input Password" library="SeleniumLibrary">
<arg>id:password</arg>
<arg>12345678</arg>
<doc>Types the given password into the text field identified by ``locator``.</doc>
<msg timestamp="20230429 18:03:20.256" level="INFO">Typing password into text field 'id:password'.</msg>
<msg timestamp="20230429 18:03:20.303" level="INFO">Temporally setting log level to: NONE</msg>
<msg timestamp="20230429 18:03:20.363" level="INFO">Log level changed from NONE to INFO.</msg>
<status status="PASS" starttime="20230429 18:03:20.256" endtime="20230429 18:03:20.363"/>
</kw>
<kw name="Click Button" library="SeleniumLibrary">
<arg>signInBtn</arg>
<doc>Clicks the button identified by ``locator``.</doc>
<msg timestamp="20230429 18:03:20.366" level="INFO">Clicking button 'signInBtn'.</msg>
<status status="PASS" starttime="20230429 18:03:20.366" endtime="20230429 18:03:20.440"/>
</kw>
<status status="PASS" starttime="20230429 18:03:20.120" endtime="20230429 18:03:20.440"/>
</kw>
<kw name="wait until it checks and display error message">
<kw name="Wait Until Element Is Visible" library="SeleniumLibrary">
<arg>${Error_Message_Login}</arg>
<doc>Waits until the element ``locator`` is visible.</doc>
<status status="PASS" starttime="20230429 18:03:20.441" endtime="20230429 18:03:22.484"/>
</kw>
<status status="PASS" starttime="20230429 18:03:20.441" endtime="20230429 18:03:22.486"/>
</kw>
<kw name="verify error message is correct">
<kw name="Element Text Should Be" library="SeleniumLibrary">
<arg>${Error_Message_Login}</arg>
<arg>Incorrect username/password.</arg>
<doc>Verifies that element ``locator`` contains exact the text ``expected``.</doc>
<msg timestamp="20230429 18:03:22.487" level="INFO">Verifying element 'css:.alert-danger' contains exact text 'Incorrect username/password.'.</msg>
<status status="PASS" starttime="20230429 18:03:22.487" endtime="20230429 18:03:22.514"/>
</kw>
<status status="PASS" starttime="20230429 18:03:22.486" endtime="20230429 18:03:22.514"/>
</kw>
<kw name="Close Browser" library="SeleniumLibrary" type="TEARDOWN">
<doc>Closes the current browser.</doc>
<status status="PASS" starttime="20230429 18:03:22.514" endtime="20230429 18:03:24.760"/>
</kw>
<status status="PASS" starttime="20230429 18:03:17.034" endtime="20230429 18:03:24.761"/>
</test>
<doc>To validate the login form</doc>
<status status="PASS" starttime="20230429 18:03:16.664" endtime="20230429 18:03:24.761"/>
</suite>
<statistics>
<total>
<stat pass="1" fail="0" skip="0">All Tests</stat>
</total>
<tag>
</tag>
<suite>
<stat pass="1" fail="0" skip="0" id="s1" name="testsDemo1">testsDemo1</stat>
</suite>
</statistics>
<errors>
</errors>
</robot>
