<?xml version="1.0" encoding="UTF-8"?>
<robot generator="Robot 6.0.2 (Python 3.10.4 on win32)" generated="20230613 21:29:31.104" rpa="false" schemaversion="3">
<suite id="s1" name="testsDemo3" source="C:\Users\ferna\PycharmProjects\Robot_framework\tests\testsDemo3.robot">
<test id="s1-t1" name="Validate Child Window Functionality" line="17">
<kw name="open the browser with the Mortage payment url" library="resource" type="SETUP">
<kw name="Create Webdriver" library="SeleniumLibrary">
<arg>Chrome</arg>
<arg>executable_path=/Users/ferna/driver_robot/chromedriver.exe</arg>
<doc>Creates an instance of Selenium WebDriver.</doc>
<msg timestamp="20230613 21:29:31.272" level="INFO">Creating an instance of the Chrome WebDriver.</msg>
<status status="PASS" starttime="20230613 21:29:31.272" endtime="20230613 21:29:32.392"/>
</kw>
<kw name="Go To" library="SeleniumLibrary">
<arg>${url}</arg>
<doc>Navigates the current browser window to the provided ``url``.</doc>
<msg timestamp="20230613 21:29:32.393" level="INFO">Opening url 'https://rahulshettyacademy.com/loginpagePractise/'</msg>
<status status="PASS" starttime="20230613 21:29:32.393" endtime="20230613 21:29:33.002"/>
</kw>
<status status="PASS" starttime="20230613 21:29:31.272" endtime="20230613 21:29:33.002"/>
</kw>
<kw name="Select the link of child window">
<kw name="Click Element" library="SeleniumLibrary">
<arg>css:.blinkingText</arg>
<doc>Click the element identified by ``locator``.</doc>
<msg timestamp="20230613 21:29:33.002" level="INFO">Clicking element 'css:.blinkingText'.</msg>
<status status="PASS" starttime="20230613 21:29:33.002" endtime="20230613 21:29:33.113"/>
</kw>
<kw name="Sleep" library="BuiltIn">
<arg>5</arg>
<doc>Pauses the test executed for the given time.</doc>
<msg timestamp="20230613 21:29:38.124" level="INFO">Slept 5 seconds</msg>
<status status="PASS" starttime="20230613 21:29:33.114" endtime="20230613 21:29:38.124"/>
</kw>
<status status="PASS" starttime="20230613 21:29:33.002" endtime="20230613 21:29:38.124"/>
</kw>
<kw name="Verify the user is Switched to Child window">
<kw name="Switch Window" library="SeleniumLibrary">
<arg>NEW</arg>
<doc>Switches to browser window matching ``locator``.</doc>
<status status="PASS" starttime="20230613 21:29:38.124" endtime="20230613 21:29:38.134"/>
</kw>
<kw name="Element Text Should Be" library="SeleniumLibrary">
<arg>css:h1</arg>
<arg>DOCUMENTS REQUEST</arg>
<doc>Verifies that element ``locator`` contains exact the text ``expected``.</doc>
<msg timestamp="20230613 21:29:38.134" level="INFO">Verifying element 'css:h1' contains exact text 'DOCUMENTS REQUEST'.</msg>
<status status="PASS" starttime="20230613 21:29:38.134" endtime="20230613 21:29:38.152"/>
</kw>
<status status="PASS" starttime="20230613 21:29:38.124" endtime="20230613 21:29:38.152"/>
</kw>
<kw name="Grab the Email id in the Child Window">
<kw name="Get Text" library="SeleniumLibrary">
<var>${text}</var>
<arg>css:.red</arg>
<doc>Returns the text value of the element identified by ``locator``.</doc>
<msg timestamp="20230613 21:29:38.167" level="INFO">${text} = Please email us at mentor@rahulshettyacademy.com with below template to receive response</msg>
<status status="PASS" starttime="20230613 21:29:38.154" endtime="20230613 21:29:38.167"/>
</kw>
<kw name="Split String" library="String">
<var>@{words}</var>
<arg>${text}</arg>
<arg>at</arg>
<doc>Splits the ``string`` using ``separator`` as a delimiter string.</doc>
<msg timestamp="20230613 21:29:38.168" level="INFO">@{words} = [ Please email us  |  mentor@rahulshettyacademy.com with below templ | e to receive response ]</msg>
<status status="PASS" starttime="20230613 21:29:38.167" endtime="20230613 21:29:38.168"/>
</kw>
<kw name="Get From List" library="Collections">
<var>${text_split}</var>
<arg>${words}</arg>
<arg>1</arg>
<doc>Returns the value specified with an ``index`` from ``list``.</doc>
<msg timestamp="20230613 21:29:38.168" level="INFO">${text_split} =  mentor@rahulshettyacademy.com with below templ</msg>
<status status="PASS" starttime="20230613 21:29:38.168" endtime="20230613 21:29:38.168"/>
</kw>
<kw name="Split String" library="String">
<var>@{words_2}</var>
<arg>${text_split}</arg>
<doc>Splits the ``string`` using ``separator`` as a delimiter string.</doc>
<msg timestamp="20230613 21:29:38.168" level="INFO">@{words_2} = [ mentor@rahulshettyacademy.com | with | below | templ ]</msg>
<status status="PASS" starttime="20230613 21:29:38.168" endtime="20230613 21:29:38.168"/>
</kw>
<kw name="Get From List" library="Collections">
<var>${Email}</var>
<arg>${words_2}</arg>
<arg>0</arg>
<doc>Returns the value specified with an ``index`` from ``list``.</doc>
<msg timestamp="20230613 21:29:38.168" level="INFO">${Email} = mentor@rahulshettyacademy.com</msg>
<status status="PASS" starttime="20230613 21:29:38.168" endtime="20230613 21:29:38.168"/>
</kw>
<kw name="Set Global Variable" library="BuiltIn">
<arg>${Email}</arg>
<doc>Makes a variable available globally in all tests and suites.</doc>
<msg timestamp="20230613 21:29:38.168" level="INFO">${Email} = mentor@rahulshettyacademy.com</msg>
<status status="PASS" starttime="20230613 21:29:38.168" endtime="20230613 21:29:38.168"/>
</kw>
<status status="PASS" starttime="20230613 21:29:38.152" endtime="20230613 21:29:38.169"/>
</kw>
<kw name="Switch to Parent window and enter the Email">
<kw name="Switch Window" library="SeleniumLibrary">
<arg>MAIN</arg>
<doc>Switches to browser window matching ``locator``.</doc>
<status status="PASS" starttime="20230613 21:29:38.169" endtime="20230613 21:29:38.184"/>
</kw>
<kw name="Title Should Be" library="SeleniumLibrary">
<arg>LoginPage Practise | Rahul Shetty Academy</arg>
<doc>Verifies that the current page title equals ``title``.</doc>
<msg timestamp="20230613 21:29:38.224" level="INFO">Page title is 'LoginPage Practise | Rahul Shetty Academy'.</msg>
<status status="PASS" starttime="20230613 21:29:38.184" endtime="20230613 21:29:38.224"/>
</kw>
<kw name="Input Text" library="SeleniumLibrary">
<arg>id:username</arg>
<arg>${Email}</arg>
<doc>Types the given ``text`` into the text field identified by ``locator``.</doc>
<msg timestamp="20230613 21:29:38.225" level="INFO">Typing text 'mentor@rahulshettyacademy.com' into text field 'id:username'.</msg>
<status status="PASS" starttime="20230613 21:29:38.224" endtime="20230613 21:29:38.319"/>
</kw>
<status status="PASS" starttime="20230613 21:29:38.169" endtime="20230613 21:29:38.319"/>
</kw>
<status status="PASS" starttime="20230613 21:29:31.272" endtime="20230613 21:29:38.320"/>
</test>
<doc>To validate the login form</doc>
<status status="PASS" starttime="20230613 21:29:31.106" endtime="20230613 21:29:38.320"/>
</suite>
<statistics>
<total>
<stat pass="1" fail="0" skip="0">All Tests</stat>
</total>
<tag>
</tag>
<suite>
<stat pass="1" fail="0" skip="0" id="s1" name="testsDemo3">testsDemo3</stat>
</suite>
</statistics>
<errors>
</errors>
</robot>
