<?xml version="1.0" encoding="UTF-8"?>
<robot generator="Robot 6.0.2 (Python 3.10.4 on win32)" generated="20230504 14:01:09.913" rpa="false" schemaversion="3">
<suite id="s1" name="testsDemo2" source="C:\Users\ferna\PycharmProjects\Robot_framework\tests\testsDemo2.robot">
<test id="s1-t1" name="Validate UnSuccesful Login" line="19">
<kw name="open the browser with the Mortage payment url" library="resource" type="SETUP">
<kw name="Create Webdriver" library="SeleniumLibrary">
<arg>Chrome</arg>
<arg>executable_path=/Users/ferna/Documents/chromedriver.exe</arg>
<doc>Creates an instance of Selenium WebDriver.</doc>
<msg timestamp="20230504 14:01:10.097" level="INFO">Creating an instance of the Chrome WebDriver.</msg>
<status status="PASS" starttime="20230504 14:01:10.097" endtime="20230504 14:01:11.594"/>
</kw>
<kw name="Go To" library="SeleniumLibrary">
<arg>${url}</arg>
<arg>Chrome</arg>
<doc>Navigates the current browser window to the provided ``url``.</doc>
<msg timestamp="20230504 14:01:11.594" level="FAIL">Keyword 'SeleniumLibrary.Go To' expected 1 argument, got 2.</msg>
<status status="FAIL" starttime="20230504 14:01:11.594" endtime="20230504 14:01:11.594"/>
</kw>
<status status="FAIL" starttime="20230504 14:01:10.097" endtime="20230504 14:01:11.594"/>
</kw>
<kw name="Close Browser" library="SeleniumLibrary" type="TEARDOWN">
<doc>Closes the current browser.</doc>
<status status="PASS" starttime="20230504 14:01:11.594" endtime="20230504 14:01:13.710"/>
</kw>
<status status="FAIL" starttime="20230504 14:01:10.097" endtime="20230504 14:01:13.710">Setup failed:
Keyword 'SeleniumLibrary.Go To' expected 1 argument, got 2.</status>
</test>
<test id="s1-t2" name="Validate cards display in the shopping page" line="26">
<kw name="open the browser with the Mortage payment url" library="resource" type="SETUP">
<kw name="Create Webdriver" library="SeleniumLibrary">
<arg>Chrome</arg>
<arg>executable_path=/Users/ferna/Documents/chromedriver.exe</arg>
<doc>Creates an instance of Selenium WebDriver.</doc>
<msg timestamp="20230504 14:01:13.711" level="INFO">Creating an instance of the Chrome WebDriver.</msg>
<status status="PASS" starttime="20230504 14:01:13.711" endtime="20230504 14:01:14.773"/>
</kw>
<kw name="Go To" library="SeleniumLibrary">
<arg>${url}</arg>
<arg>Chrome</arg>
<doc>Navigates the current browser window to the provided ``url``.</doc>
<msg timestamp="20230504 14:01:14.773" level="FAIL">Keyword 'SeleniumLibrary.Go To' expected 1 argument, got 2.</msg>
<status status="FAIL" starttime="20230504 14:01:14.773" endtime="20230504 14:01:14.773"/>
</kw>
<status status="FAIL" starttime="20230504 14:01:13.711" endtime="20230504 14:01:14.773"/>
</kw>
<kw name="Close Browser" library="SeleniumLibrary" type="TEARDOWN">
<doc>Closes the current browser.</doc>
<status status="PASS" starttime="20230504 14:01:14.773" endtime="20230504 14:01:16.887"/>
</kw>
<status status="FAIL" starttime="20230504 14:01:13.711" endtime="20230504 14:01:16.887">Setup failed:
Keyword 'SeleniumLibrary.Go To' expected 1 argument, got 2.</status>
</test>
<doc>To validate the login form</doc>
<status status="FAIL" starttime="20230504 14:01:09.913" endtime="20230504 14:01:16.888"/>
</suite>
<statistics>
<total>
<stat pass="0" fail="2" skip="0">All Tests</stat>
</total>
<tag>
</tag>
<suite>
<stat pass="0" fail="2" skip="0" id="s1" name="testsDemo2">testsDemo2</stat>
</suite>
</statistics>
<errors>
<msg timestamp="20230504 14:01:09.908" level="ERROR">Error in file 'C:\Users\ferna\PycharmProjects\Robot_framework\tests\testsDemo2.robot' on line 6: Setting 'Documentation' is allowed only once. Only the first value is used.</msg>
</errors>
</robot>
