<?xml version="1.0" encoding="UTF-8"?>
<robot generator="Robot 6.0.2 (Python 3.10.4 on win32)" generated="20230429 18:05:20.142" rpa="false" schemaversion="3">
<suite id="s1" name="testsDemo2" source="C:\Users\ferna\PycharmProjects\Robot_framework\tests\testsDemo2.robot">
<test id="s1-t1" name="Validate UnSuccesful Login" line="18">
<kw name="open the browser with the Mortage payment url" library="resource" type="SETUP">
<kw name="Create Webdriver" library="SeleniumLibrary">
<arg>Chrome</arg>
<arg>executable_path=/Users/ferna/Documents/chromedriver.exe</arg>
<doc>Creates an instance of Selenium WebDriver.</doc>
<msg timestamp="20230429 18:05:20.546" level="INFO">Creating an instance of the Chrome WebDriver.</msg>
<status status="PASS" starttime="20230429 18:05:20.546" endtime="20230429 18:05:22.481"/>
</kw>
<kw name="Go To" library="SeleniumLibrary">
<arg>${url}</arg>
<doc>Navigates the current browser window to the provided ``url``.</doc>
<msg timestamp="20230429 18:05:22.481" level="INFO">Opening url 'https://rahulshettyacademy.com/loginpagePractise/'</msg>
<status status="PASS" starttime="20230429 18:05:22.481" endtime="20230429 18:05:23.428"/>
</kw>
<status status="PASS" starttime="20230429 18:05:20.546" endtime="20230429 18:05:23.428"/>
</kw>
<kw name="Fill the login form">
<kw name="Input Text" library="SeleniumLibrary">
<arg>id:username</arg>
<arg>${user_name}</arg>
<doc>Types the given ``text`` into the text field identified by ``locator``.</doc>
<msg timestamp="20230429 18:05:23.428" level="INFO">Typing text 'rahulshettyacademy' into text field 'id:username'.</msg>
<status status="PASS" starttime="20230429 18:05:23.428" endtime="20230429 18:05:23.567"/>
</kw>
<kw name="Input Password" library="SeleniumLibrary">
<arg>id:password</arg>
<arg>${invalid_password}</arg>
<doc>Types the given password into the text field identified by ``locator``.</doc>
<msg timestamp="20230429 18:05:23.567" level="INFO">Typing password into text field 'id:password'.</msg>
<msg timestamp="20230429 18:05:23.618" level="INFO">Temporally setting log level to: NONE</msg>
<msg timestamp="20230429 18:05:23.672" level="INFO">Log level changed from NONE to INFO.</msg>
<status status="PASS" starttime="20230429 18:05:23.567" endtime="20230429 18:05:23.672"/>
</kw>
<kw name="Click Button" library="SeleniumLibrary">
<arg>signInBtn</arg>
<doc>Clicks the button identified by ``locator``.</doc>
<msg timestamp="20230429 18:05:23.672" level="INFO">Clicking button 'signInBtn'.</msg>
<status status="PASS" starttime="20230429 18:05:23.672" endtime="20230429 18:05:23.754"/>
</kw>
<status status="PASS" starttime="20230429 18:05:23.428" endtime="20230429 18:05:23.754"/>
</kw>
<kw name="wait until it checks and display error message">
<kw name="Wait Until Element Is Visible" library="SeleniumLibrary">
<arg>${Error_Message_Login}</arg>
<doc>Waits until the element ``locator`` is visible.</doc>
<status status="PASS" starttime="20230429 18:05:23.759" endtime="20230429 18:05:25.888"/>
</kw>
<status status="PASS" starttime="20230429 18:05:23.759" endtime="20230429 18:05:25.888"/>
</kw>
<kw name="verify error message is correct">
<kw name="Element Text Should Be" library="SeleniumLibrary">
<arg>${Error_Message_Login}</arg>
<arg>Incorrect username/password.</arg>
<doc>Verifies that element ``locator`` contains exact the text ``expected``.</doc>
<msg timestamp="20230429 18:05:25.888" level="INFO">Verifying element 'css:.alert-danger' contains exact text 'Incorrect username/password.'.</msg>
<status status="PASS" starttime="20230429 18:05:25.888" endtime="20230429 18:05:25.915"/>
</kw>
<status status="PASS" starttime="20230429 18:05:25.888" endtime="20230429 18:05:25.915"/>
</kw>
<kw name="Close Browser" library="SeleniumLibrary" type="TEARDOWN">
<doc>Closes the current browser.</doc>
<status status="PASS" starttime="20230429 18:05:25.915" endtime="20230429 18:05:28.094"/>
</kw>
<status status="PASS" starttime="20230429 18:05:20.540" endtime="20230429 18:05:28.094"/>
</test>
<doc>To validate the login form</doc>
<status status="PASS" starttime="20230429 18:05:20.147" endtime="20230429 18:05:28.098"/>
</suite>
<statistics>
<total>
<stat pass="1" fail="0" skip="0">All Tests</stat>
</total>
<tag>
</tag>
<suite>
<stat pass="1" fail="0" skip="0" id="s1" name="testsDemo2">testsDemo2</stat>
</suite>
</statistics>
<errors>
<msg timestamp="20230429 18:05:20.130" level="ERROR">Error in file 'C:\Users\ferna\PycharmProjects\Robot_framework\tests\testsDemo2.robot' on line 6: Setting 'Documentation' is allowed only once. Only the first value is used.</msg>
<msg timestamp="20230429 18:05:20.130" level="ERROR">Error in file 'C:\Users\ferna\PycharmProjects\Robot_framework\tests\testsDemo2.robot' on line 9: Setting 'Test Teardown' is allowed only once. Only the first value is used.</msg>
</errors>
</robot>
